Thu Jun 09 22:30:47 CEST 2022 | INFO | Player moved right
--
Thu Jun 09 22:31:15 CEST 2022 | INFO | ------GAME START------
Thu Jun 09 22:31:16 CEST 2022 | INFO | Player moved down
Thu Jun 09 22:31:17 CEST 2022 | INFO | Player moved left
Thu Jun 09 22:31:18 CEST 2022 | INFO | Player moved up
Thu Jun 09 22:31:18 CEST 2022 | INFO | Player moved right
Thu Jun 09 22:31:19 CEST 2022 | INFO | Player moved down
Thu Jun 09 22:31:19 CEST 2022 | INFO | Player moved left
Thu Jun 09 22:31:19 CEST 2022 | INFO | Player moved up
Thu Jun 09 22:31:20 CEST 2022 | INFO | Player moved right
Thu Jun 09 22:31:20 CEST 2022 | INFO | Player moved down
Thu Jun 09 22:31:21 CEST 2022 | INFO | Player moved left
Thu Jun 09 22:31:21 CEST 2022 | INFO | Player moved up
Thu Jun 09 22:31:23 CEST 2022 | INFO | Player moved up
Sun Jun 12 12:48:26 CEST 2022 | INFO | ------GAME START------
Sun Jun 12 12:48:28 CEST 2022 | INFO | Player moved down
Sun Jun 12 12:48:29 CEST 2022 | INFO | Player moved left
Sun Jun 12 12:48:31 CEST 2022 | INFO | Player moved down
Sun Jun 12 12:48:31 CEST 2022 | INFO | Player moved up
Sun Jun 12 12:48:31 CEST 2022 | INFO | Player moved up
Sun Jun 12 12:48:32 CEST 2022 | INFO | Player moved left
Sun Jun 12 12:48:32 CEST 2022 | INFO | Player moved left
Sun Jun 12 12:48:32 CEST 2022 | INFO | Player moved right
Fri Jun 24 20:24:41 CEST 2022 | INFO | ------GAME START------
Sat Jun 25 08:07:54 CEST 2022 | INFO | ------GAME START------
Sat Jun 25 08:10:20 CEST 2022 | INFO | ------GAME START------
Sat Jun 25 10:37:20 CEST 2022 | INFO | ------GAME START------
Sat Jun 25 10:38:57 CEST 2022 | INFO | ------GAME START------
Thu Jun 30 18:45:46 CEST 2022 | INFO | ------GAME START------
Thu Jun 30 18:45:49 CEST 2022 | INFO | Character moved left!
Thu Jun 30 18:45:49 CEST 2022 | INFO | EnemyGreen moved right!
Thu Jun 30 18:45:49 CEST 2022 | INFO | EnemyGreen moved up!
Thu Jun 30 18:45:49 CEST 2022 | INFO | Character moved left!
Thu Jun 30 18:45:49 CEST 2022 | INFO | EnemyGreen moved right!
Thu Jun 30 18:45:49 CEST 2022 | INFO | EnemyGreen moved up!
Thu Jun 30 18:45:49 CEST 2022 | INFO | Character moved left!
Thu Jun 30 18:45:49 CEST 2022 | INFO | EnemyGreen moved right!
Thu Jun 30 18:45:49 CEST 2022 | INFO | EnemyGreen moved up!
Thu Jun 30 18:45:51 CEST 2022 | INFO | Character moved down!
Thu Jun 30 18:45:51 CEST 2022 | INFO | EnemyGreen moved right!
Thu Jun 30 18:45:51 CEST 2022 | INFO | EnemyGreen moved up!
Thu Jun 30 18:45:54 CEST 2022 | INFO | Character moved right!
Thu Jun 30 18:45:54 CEST 2022 | INFO | EnemyGreen moved right!
Thu Jun 30 18:45:54 CEST 2022 | INFO | EnemyGreen moved up!
Thu Jun 30 18:45:55 CEST 2022 | INFO | Character moved up!
Thu Jun 30 18:45:55 CEST 2022 | INFO | EnemyGreen moved right!
Thu Jun 30 18:45:55 CEST 2022 | INFO | EnemyGreen moved up!
Thu Jun 30 18:45:57 CEST 2022 | INFO | Character moved right!
Thu Jun 30 18:45:57 CEST 2022 | INFO | EnemyGreen moved right!
Thu Jun 30 18:45:57 CEST 2022 | INFO | EnemyGreen moved up!
Thu Jun 30 18:45:58 CEST 2022 | INFO | Character moved down!
Thu Jun 30 18:45:58 CEST 2022 | INFO | EnemyGreen moved right!
Thu Jun 30 18:45:58 CEST 2022 | INFO | EnemyGreen moved up!
Thu Jun 30 18:45:59 CEST 2022 | INFO | Character moved down!
Thu Jun 30 18:45:59 CEST 2022 | INFO | EnemyGreen moved right!
Thu Jun 30 18:45:59 CEST 2022 | INFO | EnemyGreen moved up!
Thu Jun 30 18:45:59 CEST 2022 | INFO | Character moved left!
Thu Jun 30 18:45:59 CEST 2022 | INFO | EnemyGreen moved right!
Thu Jun 30 18:45:59 CEST 2022 | INFO | EnemyGreen moved up!
Thu Jun 30 18:46:00 CEST 2022 | INFO | Character moved right!
Thu Jun 30 18:46:00 CEST 2022 | INFO | EnemyGreen moved right!
Thu Jun 30 18:46:00 CEST 2022 | INFO | EnemyGreen moved up!
Thu Jun 30 18:46:01 CEST 2022 | INFO | Character moved up!
Thu Jun 30 18:46:01 CEST 2022 | INFO | EnemyGreen moved right!
Thu Jun 30 18:46:01 CEST 2022 | INFO | EnemyGreen moved up!
Thu Jun 30 18:46:01 CEST 2022 | INFO | Character moved up!
Thu Jun 30 18:46:01 CEST 2022 | INFO | EnemyGreen moved right!
Thu Jun 30 18:46:01 CEST 2022 | INFO | EnemyGreen Player did not move up!
Thu Jun 30 18:46:01 CEST 2022 | INFO | Character moved up!
Thu Jun 30 18:46:01 CEST 2022 | INFO | EnemyGreen moved right!
Thu Jun 30 18:46:01 CEST 2022 | INFO | EnemyGreen Player did not move up!
Thu Jun 30 18:46:04 CEST 2022 | INFO | Character moved up!
Thu Jun 30 18:46:04 CEST 2022 | INFO | EnemyGreen moved right!
Thu Jun 30 18:46:04 CEST 2022 | INFO | EnemyGreen Player did not move up!
Thu Jun 30 18:46:08 CEST 2022 | INFO | Character moved up!
Thu Jun 30 18:46:08 CEST 2022 | INFO | EnemyGreen moved right!
Thu Jun 30 18:46:08 CEST 2022 | INFO | EnemyGreen Player did not move up!
Thu Jun 30 18:46:09 CEST 2022 | INFO | Character moved up!
Thu Jun 30 18:46:09 CEST 2022 | INFO | EnemyGreen moved right!
Thu Jun 30 18:46:09 CEST 2022 | INFO | EnemyGreen Player did not move up!
Thu Jun 30 18:46:10 CEST 2022 | INFO | Character moved up!
Thu Jun 30 18:46:10 CEST 2022 | INFO | EnemyGreen moved right!
Thu Jun 30 18:46:10 CEST 2022 | INFO | EnemyGreen Player did not move up!
Thu Jun 30 18:46:10 CEST 2022 | INFO | Character moved left!
Thu Jun 30 18:46:10 CEST 2022 | INFO | EnemyGreen moved right!
Thu Jun 30 18:46:10 CEST 2022 | INFO | EnemyGreen Player did not move up!
Thu Jun 30 18:46:11 CEST 2022 | INFO | Character moved left!
Thu Jun 30 18:46:11 CEST 2022 | INFO | EnemyGreen moved right!
Thu Jun 30 18:46:11 CEST 2022 | INFO | EnemyGreen Player did not move up!
Thu Jun 30 18:46:11 CEST 2022 | INFO | Character moved left!
Thu Jun 30 18:46:11 CEST 2022 | INFO | EnemyGreen moved right!
Thu Jun 30 18:46:11 CEST 2022 | INFO | EnemyGreen Player did not move up!
Thu Jun 30 18:46:11 CEST 2022 | INFO | Character moved right!
Thu Jun 30 18:46:11 CEST 2022 | INFO | EnemyGreen moved right!
Thu Jun 30 18:46:11 CEST 2022 | INFO | EnemyGreen moved up!
Thu Jun 30 18:46:11 CEST 2022 | INFO | Character moved right!
Thu Jun 30 18:46:11 CEST 2022 | INFO | EnemyGreen moved right!
Thu Jun 30 18:46:11 CEST 2022 | INFO | EnemyGreen moved up!
Thu Jun 30 18:46:12 CEST 2022 | INFO | Character moved right!
Thu Jun 30 18:46:12 CEST 2022 | INFO | EnemyGreen Player did not move right!
Thu Jun 30 18:46:12 CEST 2022 | INFO | EnemyGreen moved up!
Thu Jun 30 18:46:12 CEST 2022 | INFO | Character moved right!
Thu Jun 30 18:46:12 CEST 2022 | INFO | EnemyGreen Player did not move right!
Thu Jun 30 18:46:12 CEST 2022 | INFO | EnemyGreen moved up!
Thu Jun 30 18:46:12 CEST 2022 | INFO | Character moved right!
Thu Jun 30 18:46:12 CEST 2022 | INFO | EnemyGreen Player did not move right!
Thu Jun 30 18:46:12 CEST 2022 | INFO | EnemyGreen moved up!
Thu Jun 30 18:46:13 CEST 2022 | INFO | Character moved right!
Thu Jun 30 18:46:13 CEST 2022 | INFO | EnemyGreen Player did not move right!
Thu Jun 30 18:46:13 CEST 2022 | INFO | EnemyGreen moved up!
Thu Jun 30 18:46:13 CEST 2022 | INFO | Character moved right!
Thu Jun 30 18:46:13 CEST 2022 | INFO | EnemyGreen Player did not move right!
Thu Jun 30 18:46:13 CEST 2022 | INFO | EnemyGreen moved up!
Thu Jun 30 18:46:14 CEST 2022 | INFO | Character moved right!
Thu Jun 30 18:46:14 CEST 2022 | INFO | EnemyGreen Player did not move right!
Thu Jun 30 18:46:14 CEST 2022 | INFO | EnemyGreen moved up!
Thu Jun 30 18:46:14 CEST 2022 | INFO | Character moved right!
Thu Jun 30 18:46:14 CEST 2022 | INFO | EnemyGreen Player did not move right!
Thu Jun 30 18:46:14 CEST 2022 | INFO | EnemyGreen moved up!
Thu Jun 30 18:46:14 CEST 2022 | INFO | Character moved right!
Thu Jun 30 18:46:14 CEST 2022 | INFO | EnemyGreen moved right!
Thu Jun 30 18:46:14 CEST 2022 | INFO | EnemyGreen moved up!
Thu Jun 30 18:46:14 CEST 2022 | INFO | Character moved right!
Thu Jun 30 18:46:14 CEST 2022 | INFO | EnemyGreen moved right!
Thu Jun 30 18:46:14 CEST 2022 | INFO | EnemyGreen moved up!
Thu Jun 30 18:46:14 CEST 2022 | INFO | Character moved right!
Thu Jun 30 18:46:14 CEST 2022 | INFO | EnemyGreen moved right!
Thu Jun 30 18:46:14 CEST 2022 | INFO | EnemyGreen moved up!
Thu Jun 30 18:46:14 CEST 2022 | INFO | Character moved right!
Thu Jun 30 18:46:14 CEST 2022 | INFO | EnemyGreen moved right!
Thu Jun 30 18:46:14 CEST 2022 | INFO | EnemyGreen moved up!
Thu Jun 30 18:46:14 CEST 2022 | INFO | Character moved right!
Thu Jun 30 18:46:14 CEST 2022 | INFO | EnemyGreen moved right!
Thu Jun 30 18:46:14 CEST 2022 | INFO | EnemyGreen moved up!
Thu Jun 30 18:46:14 CEST 2022 | INFO | Character moved right!
Thu Jun 30 18:46:14 CEST 2022 | INFO | EnemyGreen moved right!
Thu Jun 30 18:46:14 CEST 2022 | INFO | EnemyGreen moved up!
Thu Jun 30 18:46:15 CEST 2022 | INFO | Character moved right!
Thu Jun 30 18:46:15 CEST 2022 | INFO | EnemyGreen moved right!
Thu Jun 30 18:46:15 CEST 2022 | INFO | EnemyGreen moved up!
Thu Jun 30 18:46:15 CEST 2022 | INFO | Character Player did not move down!
Thu Jun 30 18:46:15 CEST 2022 | INFO | EnemyGreen moved right!
Thu Jun 30 18:46:15 CEST 2022 | INFO | EnemyGreen moved up!
Thu Jun 30 18:46:15 CEST 2022 | INFO | Character Player did not move down!
Thu Jun 30 18:46:15 CEST 2022 | INFO | EnemyGreen moved right!
Thu Jun 30 18:46:15 CEST 2022 | INFO | EnemyGreen moved down!
Thu Jun 30 18:46:15 CEST 2022 | INFO | Character Player did not move down!
Thu Jun 30 18:46:15 CEST 2022 | INFO | EnemyGreen moved right!
Thu Jun 30 18:46:15 CEST 2022 | INFO | EnemyGreen moved up!
Thu Jun 30 18:46:15 CEST 2022 | INFO | Character Player did not move down!
Thu Jun 30 18:46:15 CEST 2022 | INFO | EnemyGreen moved right!
Thu Jun 30 18:46:15 CEST 2022 | INFO | EnemyGreen moved down!
Thu Jun 30 18:46:16 CEST 2022 | INFO | Character Player did not move down!
Thu Jun 30 18:46:16 CEST 2022 | INFO | EnemyGreen moved left!
Thu Jun 30 18:46:16 CEST 2022 | INFO | EnemyGreen moved up!
Thu Jun 30 18:46:16 CEST 2022 | INFO | Character Player did not move down!
Thu Jun 30 18:46:16 CEST 2022 | INFO | EnemyGreen moved right!
Thu Jun 30 18:46:16 CEST 2022 | INFO | EnemyGreen moved down!
Thu Jun 30 18:46:16 CEST 2022 | INFO | Character Player did not move down!
Thu Jun 30 18:46:16 CEST 2022 | INFO | EnemyGreen moved left!
Thu Jun 30 18:46:16 CEST 2022 | INFO | EnemyGreen moved up!
Thu Jun 30 18:46:16 CEST 2022 | INFO | Character Player did not move down!
Thu Jun 30 18:46:16 CEST 2022 | INFO | EnemyGreen moved right!
Thu Jun 30 18:46:16 CEST 2022 | INFO | EnemyGreen moved down!
Thu Jun 30 18:46:17 CEST 2022 | INFO | Character Player did not move down!
Thu Jun 30 18:46:17 CEST 2022 | INFO | EnemyGreen moved left!
Thu Jun 30 18:46:17 CEST 2022 | INFO | EnemyGreen moved up!
Thu Jun 30 18:46:17 CEST 2022 | INFO | Character Player did not move down!
Thu Jun 30 18:46:17 CEST 2022 | INFO | EnemyGreen moved right!
Thu Jun 30 18:46:17 CEST 2022 | INFO | EnemyGreen moved down!
Thu Jun 30 18:46:17 CEST 2022 | INFO | Character Player did not move down!
Thu Jun 30 18:46:17 CEST 2022 | INFO | EnemyGreen moved left!
Thu Jun 30 18:46:17 CEST 2022 | INFO | EnemyGreen moved up!
Thu Jun 30 18:46:18 CEST 2022 | INFO | Character Player did not move down!
Thu Jun 30 18:46:18 CEST 2022 | INFO | EnemyGreen moved right!
Thu Jun 30 18:46:18 CEST 2022 | INFO | EnemyGreen moved down!
Thu Jun 30 18:46:18 CEST 2022 | INFO | Character Player did not move down!
Thu Jun 30 18:46:18 CEST 2022 | INFO | EnemyGreen moved left!
Thu Jun 30 18:46:18 CEST 2022 | INFO | EnemyGreen moved up!
Thu Jun 30 18:50:13 CEST 2022 | INFO | ------GAME START------
Thu Jun 30 18:50:15 CEST 2022 | INFO | Character moved left!
Thu Jun 30 18:50:15 CEST 2022 | INFO | EnemyGreen moved right!
Thu Jun 30 18:50:15 CEST 2022 | INFO | EnemyGreen moved up!
Thu Jun 30 18:50:15 CEST 2022 | INFO | Character moved left!
Thu Jun 30 18:50:15 CEST 2022 | INFO | EnemyGreen moved right!
Thu Jun 30 18:50:15 CEST 2022 | INFO | EnemyGreen moved up!
Thu Jun 30 18:50:16 CEST 2022 | INFO | Character moved down!
Thu Jun 30 18:50:16 CEST 2022 | INFO | EnemyGreen moved right!
Thu Jun 30 18:50:16 CEST 2022 | INFO | EnemyGreen moved up!
Thu Jun 30 18:50:16 CEST 2022 | INFO | Character moved down!
Thu Jun 30 18:50:16 CEST 2022 | INFO | EnemyGreen moved right!
Thu Jun 30 18:50:16 CEST 2022 | INFO | EnemyGreen moved up!
Thu Jun 30 18:50:16 CEST 2022 | INFO | Character moved down!
Thu Jun 30 18:50:16 CEST 2022 | INFO | EnemyGreen moved right!
Thu Jun 30 18:50:16 CEST 2022 | INFO | EnemyGreen moved up!
Thu Jun 30 18:50:17 CEST 2022 | INFO | Character moved down!
Thu Jun 30 18:50:17 CEST 2022 | INFO | EnemyGreen moved right!
Thu Jun 30 18:50:17 CEST 2022 | INFO | EnemyGreen moved up!
Thu Jun 30 18:50:17 CEST 2022 | INFO | Character moved down!
Thu Jun 30 18:50:17 CEST 2022 | INFO | EnemyGreen moved right!
Thu Jun 30 18:50:17 CEST 2022 | INFO | EnemyGreen moved up!
Thu Jun 30 18:50:17 CEST 2022 | INFO | Character moved down!
Thu Jun 30 18:50:17 CEST 2022 | INFO | EnemyGreen moved right!
Thu Jun 30 18:50:17 CEST 2022 | INFO | EnemyGreen moved up!
Thu Jun 30 18:50:17 CEST 2022 | INFO | Character moved down!
Thu Jun 30 18:50:17 CEST 2022 | INFO | EnemyGreen moved right!
Thu Jun 30 18:50:17 CEST 2022 | INFO | EnemyGreen moved up!
Thu Jun 30 18:50:17 CEST 2022 | INFO | Character moved down!
Thu Jun 30 18:50:17 CEST 2022 | INFO | EnemyGreen moved right!
Thu Jun 30 18:50:17 CEST 2022 | INFO | EnemyGreen moved up!
Thu Jun 30 18:50:18 CEST 2022 | INFO | Character moved down!
Thu Jun 30 18:50:18 CEST 2022 | INFO | EnemyGreen moved right!
Thu Jun 30 18:50:18 CEST 2022 | INFO | EnemyGreen moved up!
Thu Jun 30 18:50:18 CEST 2022 | INFO | Character moved down!
Thu Jun 30 18:50:18 CEST 2022 | INFO | EnemyGreen moved right!
Thu Jun 30 18:50:18 CEST 2022 | INFO | EnemyGreen moved up!
Thu Jun 30 18:50:18 CEST 2022 | INFO | Character moved down!
Thu Jun 30 18:50:18 CEST 2022 | INFO | EnemyGreen moved right!
Thu Jun 30 18:50:18 CEST 2022 | INFO | EnemyGreen Player did not move up!
Thu Jun 30 18:50:18 CEST 2022 | INFO | Character moved down!
Thu Jun 30 18:50:18 CEST 2022 | INFO | EnemyGreen moved right!
Thu Jun 30 18:50:18 CEST 2022 | INFO | EnemyGreen Player did not move up!
Thu Jun 30 18:50:18 CEST 2022 | INFO | Character moved down!
Thu Jun 30 18:50:18 CEST 2022 | INFO | EnemyGreen moved right!
Thu Jun 30 18:50:18 CEST 2022 | INFO | EnemyGreen Player did not move up!
Thu Jun 30 18:50:18 CEST 2022 | INFO | Character moved down!
Thu Jun 30 18:50:18 CEST 2022 | INFO | EnemyGreen moved right!
Thu Jun 30 18:50:18 CEST 2022 | INFO | EnemyGreen Player did not move up!
Thu Jun 30 18:50:19 CEST 2022 | INFO | Character moved down!
Thu Jun 30 18:50:19 CEST 2022 | INFO | EnemyGreen moved right!
Thu Jun 30 18:50:19 CEST 2022 | INFO | EnemyGreen Player did not move up!
Thu Jun 30 18:50:19 CEST 2022 | INFO | Character moved down!
Thu Jun 30 18:50:19 CEST 2022 | INFO | EnemyGreen moved right!
Thu Jun 30 18:50:19 CEST 2022 | INFO | EnemyGreen Player did not move up!
Thu Jun 30 18:50:19 CEST 2022 | INFO | Character moved down!
Thu Jun 30 18:50:19 CEST 2022 | INFO | EnemyGreen moved right!
Thu Jun 30 18:50:19 CEST 2022 | INFO | EnemyGreen Player did not move up!
Thu Jun 30 18:50:20 CEST 2022 | INFO | Character moved down!
Thu Jun 30 18:50:20 CEST 2022 | INFO | EnemyGreen moved right!
Thu Jun 30 18:50:20 CEST 2022 | INFO | EnemyGreen Player did not move up!
Thu Jun 30 18:50:20 CEST 2022 | INFO | Character moved down!
Thu Jun 30 18:50:20 CEST 2022 | INFO | EnemyGreen moved right!
Thu Jun 30 18:50:20 CEST 2022 | INFO | EnemyGreen Player did not move up!
Thu Jun 30 18:50:20 CEST 2022 | INFO | Character moved down!
Thu Jun 30 18:50:20 CEST 2022 | INFO | EnemyGreen moved right!
Thu Jun 30 18:50:20 CEST 2022 | INFO | EnemyGreen moved down!
Thu Jun 30 18:50:20 CEST 2022 | INFO | Character moved down!
Thu Jun 30 18:50:20 CEST 2022 | INFO | EnemyGreen moved right!
Thu Jun 30 18:50:20 CEST 2022 | INFO | EnemyGreen moved down!
Thu Jun 30 18:50:20 CEST 2022 | INFO | Character Player did not move down!
Thu Jun 30 18:50:20 CEST 2022 | INFO | EnemyGreen moved right!
Thu Jun 30 18:50:20 CEST 2022 | INFO | EnemyGreen moved up!
Thu Jun 30 18:50:20 CEST 2022 | INFO | Character moved down!
Thu Jun 30 18:50:20 CEST 2022 | INFO | EnemyGreen moved left!
Thu Jun 30 18:50:20 CEST 2022 | INFO | EnemyGreen moved down!
Thu Jun 30 18:50:21 CEST 2022 | INFO | Character moved down!
Thu Jun 30 18:50:21 CEST 2022 | INFO | EnemyGreen moved right!
Thu Jun 30 18:50:21 CEST 2022 | INFO | EnemyGreen moved down!
Thu Jun 30 18:50:21 CEST 2022 | INFO | Character moved down!
Thu Jun 30 18:50:21 CEST 2022 | INFO | EnemyGreen moved left!
Thu Jun 30 18:50:21 CEST 2022 | INFO | EnemyGreen moved down!
Thu Jun 30 18:50:21 CEST 2022 | INFO | Character Player did not move down!
Thu Jun 30 18:50:21 CEST 2022 | INFO | EnemyGreen moved right!
Thu Jun 30 18:50:21 CEST 2022 | INFO | EnemyGreen moved up!
Thu Jun 30 18:50:21 CEST 2022 | INFO | Character moved down!
Thu Jun 30 18:50:21 CEST 2022 | INFO | EnemyGreen moved left!
Thu Jun 30 18:50:21 CEST 2022 | INFO | EnemyGreen moved down!
Thu Jun 30 18:50:21 CEST 2022 | INFO | Character moved down!
Thu Jun 30 18:50:21 CEST 2022 | INFO | EnemyGreen moved right!
Thu Jun 30 18:50:21 CEST 2022 | INFO | EnemyGreen moved down!
Thu Jun 30 18:50:22 CEST 2022 | INFO | Character moved down!
Thu Jun 30 18:50:22 CEST 2022 | INFO | EnemyGreen moved left!
Thu Jun 30 18:50:22 CEST 2022 | INFO | EnemyGreen moved down!
Thu Jun 30 18:50:22 CEST 2022 | INFO | Character Player did not move down!
Thu Jun 30 18:50:22 CEST 2022 | INFO | EnemyGreen moved right!
Thu Jun 30 18:50:22 CEST 2022 | INFO | EnemyGreen moved up!
Thu Jun 30 18:50:23 CEST 2022 | INFO | Character moved left!
Thu Jun 30 18:50:23 CEST 2022 | INFO | EnemyGreen moved left!
Thu Jun 30 18:50:23 CEST 2022 | INFO | EnemyGreen moved down!
Thu Jun 30 18:50:23 CEST 2022 | INFO | Character moved left!
Thu Jun 30 18:50:23 CEST 2022 | INFO | EnemyGreen moved left!
Thu Jun 30 18:50:23 CEST 2022 | INFO | EnemyGreen moved up!
Thu Jun 30 18:50:23 CEST 2022 | INFO | Character moved left!
Thu Jun 30 18:50:23 CEST 2022 | INFO | EnemyGreen moved left!
Thu Jun 30 18:50:23 CEST 2022 | INFO | EnemyGreen moved down!
Thu Jun 30 18:50:23 CEST 2022 | INFO | Character Player did not move left!
Thu Jun 30 18:50:23 CEST 2022 | INFO | EnemyGreen moved right!
Thu Jun 30 18:50:23 CEST 2022 | INFO | EnemyGreen moved up!
Thu Jun 30 18:50:23 CEST 2022 | INFO | Character moved left!
Thu Jun 30 18:50:23 CEST 2022 | INFO | EnemyGreen moved left!
Thu Jun 30 18:50:23 CEST 2022 | INFO | EnemyGreen moved down!
Thu Jun 30 18:50:24 CEST 2022 | INFO | Character moved left!
Thu Jun 30 18:50:24 CEST 2022 | INFO | EnemyGreen moved left!
Thu Jun 30 18:50:24 CEST 2022 | INFO | EnemyGreen moved up!
Thu Jun 30 18:50:24 CEST 2022 | INFO | Character moved left!
Thu Jun 30 18:50:24 CEST 2022 | INFO | EnemyGreen moved left!
Thu Jun 30 18:50:24 CEST 2022 | INFO | EnemyGreen moved down!
Thu Jun 30 18:50:24 CEST 2022 | INFO | Character Player did not move right!
Thu Jun 30 18:50:24 CEST 2022 | INFO | EnemyGreen moved right!
Thu Jun 30 18:50:24 CEST 2022 | INFO | EnemyGreen moved up!
Thu Jun 30 18:50:24 CEST 2022 | INFO | Character moved right!
Thu Jun 30 18:50:24 CEST 2022 | INFO | EnemyGreen moved right!
Thu Jun 30 18:50:24 CEST 2022 | INFO | EnemyGreen moved down!
Thu Jun 30 18:50:25 CEST 2022 | INFO | Character Player did not move right!
Thu Jun 30 18:50:25 CEST 2022 | INFO | EnemyGreen moved left!
Thu Jun 30 18:50:25 CEST 2022 | INFO | EnemyGreen moved up!
Thu Jun 30 18:50:25 CEST 2022 | INFO | Character moved right!
Thu Jun 30 18:50:25 CEST 2022 | INFO | EnemyGreen moved right!
Thu Jun 30 18:50:25 CEST 2022 | INFO | EnemyGreen moved down!
Thu Jun 30 18:50:25 CEST 2022 | INFO | Character Player did not move right!
Thu Jun 30 18:50:25 CEST 2022 | INFO | EnemyGreen moved right!
Thu Jun 30 18:50:25 CEST 2022 | INFO | EnemyGreen moved up!
Thu Jun 30 18:50:25 CEST 2022 | INFO | Character moved right!
Thu Jun 30 18:50:25 CEST 2022 | INFO | EnemyGreen moved left!
Thu Jun 30 18:50:25 CEST 2022 | INFO | EnemyGreen moved down!
Thu Jun 30 18:50:25 CEST 2022 | INFO | Character Player did not move right!
Thu Jun 30 18:50:25 CEST 2022 | INFO | EnemyGreen moved right!
Thu Jun 30 18:50:25 CEST 2022 | INFO | EnemyGreen moved up!
Thu Jun 30 18:50:26 CEST 2022 | INFO | Character moved right!
Thu Jun 30 18:50:26 CEST 2022 | INFO | EnemyGreen moved right!
Thu Jun 30 18:50:26 CEST 2022 | INFO | EnemyGreen moved down!
Thu Jun 30 18:50:26 CEST 2022 | INFO | Character Player did not move right!
Thu Jun 30 18:50:26 CEST 2022 | INFO | EnemyGreen moved left!
Thu Jun 30 18:50:26 CEST 2022 | INFO | EnemyGreen moved up!
Thu Jun 30 18:50:26 CEST 2022 | INFO | Character moved right!
Thu Jun 30 18:50:26 CEST 2022 | INFO | EnemyGreen moved right!
Thu Jun 30 18:50:26 CEST 2022 | INFO | EnemyGreen moved down!
Thu Jun 30 18:50:26 CEST 2022 | INFO | Character Player did not move right!
Thu Jun 30 18:50:26 CEST 2022 | INFO | EnemyGreen moved right!
Thu Jun 30 18:50:26 CEST 2022 | INFO | EnemyGreen moved up!
Thu Jun 30 18:50:27 CEST 2022 | INFO | Character moved right!
Thu Jun 30 18:50:27 CEST 2022 | INFO | EnemyGreen moved left!
Thu Jun 30 18:50:27 CEST 2022 | INFO | EnemyGreen moved down!
Thu Jun 30 18:50:27 CEST 2022 | INFO | Character Player did not move right!
Thu Jun 30 18:50:27 CEST 2022 | INFO | EnemyGreen moved right!
Thu Jun 30 18:50:27 CEST 2022 | INFO | EnemyGreen moved up!
Thu Jun 30 18:50:27 CEST 2022 | INFO | Character moved right!
Thu Jun 30 18:50:27 CEST 2022 | INFO | EnemyGreen moved right!
Thu Jun 30 18:50:27 CEST 2022 | INFO | EnemyGreen moved down!
Thu Jun 30 18:50:27 CEST 2022 | INFO | Character Player did not move right!
Thu Jun 30 18:50:27 CEST 2022 | INFO | EnemyGreen moved left!
Thu Jun 30 18:50:27 CEST 2022 | INFO | EnemyGreen moved up!
Thu Jun 30 18:50:27 CEST 2022 | INFO | Character moved right!
Thu Jun 30 18:50:27 CEST 2022 | INFO | EnemyGreen moved right!
Thu Jun 30 18:50:27 CEST 2022 | INFO | EnemyGreen moved down!
Thu Jun 30 18:50:28 CEST 2022 | INFO | Character Player did not move right!
Thu Jun 30 18:50:28 CEST 2022 | INFO | EnemyGreen moved right!
Thu Jun 30 18:50:28 CEST 2022 | INFO | EnemyGreen moved up!
Thu Jun 30 18:50:28 CEST 2022 | INFO | Character moved right!
Thu Jun 30 18:50:28 CEST 2022 | INFO | EnemyGreen moved left!
Thu Jun 30 18:50:28 CEST 2022 | INFO | EnemyGreen moved down!
Thu Jun 30 18:50:29 CEST 2022 | INFO | Character Player did not move up!
Thu Jun 30 18:50:29 CEST 2022 | INFO | EnemyGreen moved right!
Thu Jun 30 18:50:29 CEST 2022 | INFO | EnemyGreen moved up!
Thu Jun 30 18:50:29 CEST 2022 | INFO | Character moved up!
Thu Jun 30 18:50:29 CEST 2022 | INFO | EnemyGreen moved left!
Thu Jun 30 18:50:29 CEST 2022 | INFO | EnemyGreen moved up!
Thu Jun 30 18:50:29 CEST 2022 | INFO | Character Player did not move up!
Thu Jun 30 18:50:29 CEST 2022 | INFO | EnemyGreen moved right!
Thu Jun 30 18:50:29 CEST 2022 | INFO | EnemyGreen moved down!
Thu Jun 30 18:50:29 CEST 2022 | INFO | Character moved up!
Thu Jun 30 18:50:29 CEST 2022 | INFO | EnemyGreen moved left!
Thu Jun 30 18:50:29 CEST 2022 | INFO | EnemyGreen moved up!
Thu Jun 30 18:50:30 CEST 2022 | INFO | Character Player did not move up!
Thu Jun 30 18:50:30 CEST 2022 | INFO | EnemyGreen moved right!
Thu Jun 30 18:50:30 CEST 2022 | INFO | EnemyGreen moved up!
Thu Jun 30 18:50:30 CEST 2022 | INFO | Character moved up!
Thu Jun 30 18:50:30 CEST 2022 | INFO | EnemyGreen moved left!
Thu Jun 30 18:50:30 CEST 2022 | INFO | EnemyGreen moved down!
Thu Jun 30 18:50:30 CEST 2022 | INFO | Character Player did not move up!
Thu Jun 30 18:50:30 CEST 2022 | INFO | EnemyGreen moved right!
Thu Jun 30 18:50:30 CEST 2022 | INFO | EnemyGreen moved up!
Thu Jun 30 18:50:31 CEST 2022 | INFO | Character moved left!
Thu Jun 30 18:50:31 CEST 2022 | INFO | EnemyGreen moved left!
Thu Jun 30 18:50:31 CEST 2022 | INFO | EnemyGreen moved down!
Thu Jun 30 19:55:26 CEST 2022 | INFO | Character moved down!
Thu Jun 30 19:55:26 CEST 2022 | INFO | EnemyGreen moved right!
Thu Jun 30 19:55:26 CEST 2022 | INFO | EnemyGreen moved up!
Thu Jun 30 19:55:26 CEST 2022 | INFO | Character moved down!
Thu Jun 30 19:55:26 CEST 2022 | INFO | EnemyGreen moved right!
Thu Jun 30 19:55:26 CEST 2022 | INFO | EnemyGreen moved up!
Thu Jun 30 19:55:30 CEST 2022 | INFO | Character moved right!
Thu Jun 30 19:55:30 CEST 2022 | INFO | EnemyGreen moved right!
Thu Jun 30 19:55:30 CEST 2022 | INFO | EnemyGreen moved up!
Thu Jun 30 19:55:31 CEST 2022 | INFO | Character moved right!
Thu Jun 30 19:55:31 CEST 2022 | INFO | EnemyGreen moved right!
Thu Jun 30 19:55:31 CEST 2022 | INFO | EnemyGreen moved up!
Thu Jun 30 19:55:32 CEST 2022 | INFO | Character moved up!
Thu Jun 30 19:55:32 CEST 2022 | INFO | EnemyGreen moved right!
Thu Jun 30 19:55:32 CEST 2022 | INFO | EnemyGreen moved up!
Thu Jun 30 19:55:34 CEST 2022 | INFO | Character moved down!
Thu Jun 30 19:55:34 CEST 2022 | INFO | EnemyGreen moved right!
Thu Jun 30 19:55:34 CEST 2022 | INFO | EnemyGreen moved up!
Thu Jun 30 19:55:36 CEST 2022 | INFO | Character moved right!
Thu Jun 30 19:55:36 CEST 2022 | INFO | EnemyGreen moved right!
Thu Jun 30 19:55:36 CEST 2022 | INFO | EnemyGreen moved up!
Thu Jun 30 19:55:37 CEST 2022 | INFO | Character moved right!
Thu Jun 30 19:55:37 CEST 2022 | INFO | EnemyGreen moved right!
Thu Jun 30 19:55:37 CEST 2022 | INFO | EnemyGreen moved up!
Thu Jun 30 19:55:38 CEST 2022 | INFO | Character moved right!
Thu Jun 30 19:55:38 CEST 2022 | INFO | EnemyGreen moved right!
Thu Jun 30 19:55:38 CEST 2022 | INFO | EnemyGreen moved up!
Thu Jun 30 19:55:39 CEST 2022 | INFO | Character moved up!
Thu Jun 30 19:55:39 CEST 2022 | INFO | EnemyGreen moved right!
Thu Jun 30 19:55:39 CEST 2022 | INFO | EnemyGreen moved up!
Thu Jun 30 19:55:40 CEST 2022 | INFO | Character moved up!
Thu Jun 30 19:55:40 CEST 2022 | INFO | EnemyGreen moved right!
Thu Jun 30 19:55:40 CEST 2022 | INFO | EnemyGreen moved up!
Thu Jun 30 19:55:40 CEST 2022 | INFO | Character moved left!
Thu Jun 30 19:55:40 CEST 2022 | INFO | EnemyGreen moved right!
Thu Jun 30 19:55:40 CEST 2022 | INFO | EnemyGreen moved up!
Thu Jun 30 19:55:40 CEST 2022 | INFO | Character moved left!
Thu Jun 30 19:55:40 CEST 2022 | INFO | EnemyGreen moved right!
Thu Jun 30 19:55:40 CEST 2022 | INFO | EnemyGreen did not move up!
Thu Jun 30 19:55:41 CEST 2022 | INFO | Character moved left!
Thu Jun 30 19:55:41 CEST 2022 | INFO | EnemyGreen moved right!
Thu Jun 30 19:55:41 CEST 2022 | INFO | EnemyGreen did not move up!
Thu Jun 30 19:55:41 CEST 2022 | INFO | Character moved left!
Thu Jun 30 19:55:41 CEST 2022 | INFO | EnemyGreen moved right!
Thu Jun 30 19:55:41 CEST 2022 | INFO | EnemyGreen did not move up!
Thu Jun 30 19:55:42 CEST 2022 | INFO | Character moved left!
Thu Jun 30 19:55:42 CEST 2022 | INFO | EnemyGreen moved right!
Thu Jun 30 19:55:42 CEST 2022 | INFO | EnemyGreen did not move up!
Thu Jun 30 19:55:42 CEST 2022 | INFO | Character moved left!
Thu Jun 30 19:55:42 CEST 2022 | INFO | EnemyGreen moved right!
Thu Jun 30 19:55:42 CEST 2022 | INFO | EnemyGreen did not move up!
Thu Jun 30 19:55:42 CEST 2022 | INFO | Character moved left!
Thu Jun 30 19:55:42 CEST 2022 | INFO | EnemyGreen moved right!
Thu Jun 30 19:55:42 CEST 2022 | INFO | EnemyGreen did not move up!
Thu Jun 30 19:55:42 CEST 2022 | INFO | Character moved left!
Thu Jun 30 19:55:42 CEST 2022 | INFO | EnemyGreen moved right!
Thu Jun 30 19:55:42 CEST 2022 | INFO | EnemyGreen did not move up!
Thu Jun 30 19:55:43 CEST 2022 | INFO | Character moved left!
Thu Jun 30 19:55:43 CEST 2022 | INFO | EnemyGreen moved right!
Thu Jun 30 19:55:43 CEST 2022 | INFO | EnemyGreen did not move up!
Thu Jun 30 19:55:43 CEST 2022 | INFO | Character moved up!
Thu Jun 30 19:55:43 CEST 2022 | INFO | EnemyGreen moved right!
Thu Jun 30 19:55:43 CEST 2022 | INFO | EnemyGreen did not move up!
Thu Jun 30 19:55:44 CEST 2022 | INFO | Character moved up!
Thu Jun 30 19:55:44 CEST 2022 | INFO | EnemyGreen moved right!
Thu Jun 30 19:55:44 CEST 2022 | INFO | EnemyGreen moved up!
Thu Jun 30 19:55:45 CEST 2022 | INFO | Character moved up!
Thu Jun 30 19:55:45 CEST 2022 | INFO | EnemyGreen moved right!
Thu Jun 30 19:55:45 CEST 2022 | INFO | EnemyGreen moved up!
Thu Jun 30 19:55:45 CEST 2022 | INFO | Character moved up!
Thu Jun 30 19:55:45 CEST 2022 | INFO | EnemyGreen moved left!
Thu Jun 30 19:55:45 CEST 2022 | INFO | EnemyGreen moved up!
Thu Jun 30 19:55:45 CEST 2022 | INFO | Character moved up!
Thu Jun 30 19:55:45 CEST 2022 | INFO | EnemyGreen moved right!
Thu Jun 30 19:55:45 CEST 2022 | INFO | EnemyGreen moved up!
Thu Jun 30 19:55:45 CEST 2022 | INFO | Character moved up!
Thu Jun 30 19:55:45 CEST 2022 | INFO | EnemyGreen moved left!
Thu Jun 30 19:55:45 CEST 2022 | INFO | EnemyGreen moved up!
Thu Jun 30 19:55:46 CEST 2022 | INFO | Character moved up!
Thu Jun 30 19:55:46 CEST 2022 | INFO | EnemyGreen moved right!
Thu Jun 30 19:55:46 CEST 2022 | INFO | EnemyGreen moved up!
Thu Jun 30 19:55:47 CEST 2022 | INFO | Character moved up!
Thu Jun 30 19:55:47 CEST 2022 | INFO | EnemyGreen moved left!
Thu Jun 30 19:55:47 CEST 2022 | INFO | EnemyGreen moved up!
Thu Jun 30 19:55:48 CEST 2022 | INFO | Character moved down!
Thu Jun 30 19:55:48 CEST 2022 | INFO | EnemyGreen moved right!
Thu Jun 30 19:55:48 CEST 2022 | INFO | EnemyGreen moved up!
Thu Jun 30 19:55:49 CEST 2022 | INFO | Character moved down!
Thu Jun 30 19:55:49 CEST 2022 | INFO | EnemyGreen moved left!
Thu Jun 30 19:55:49 CEST 2022 | INFO | EnemyGreen moved up!
Thu Jun 30 19:55:49 CEST 2022 | INFO | Character moved down!
Thu Jun 30 19:55:49 CEST 2022 | INFO | EnemyGreen moved right!
Thu Jun 30 19:55:49 CEST 2022 | INFO | EnemyGreen moved up!
Thu Jun 30 19:55:49 CEST 2022 | INFO | Character moved down!
Thu Jun 30 19:55:49 CEST 2022 | INFO | EnemyGreen moved left!
Thu Jun 30 19:55:49 CEST 2022 | INFO | EnemyGreen moved up!
Thu Jun 30 19:55:50 CEST 2022 | INFO | Character moved right!
Thu Jun 30 19:55:50 CEST 2022 | INFO | EnemyGreen moved right!
Thu Jun 30 19:55:50 CEST 2022 | INFO | EnemyGreen moved up!
Thu Jun 30 19:55:50 CEST 2022 | INFO | Character moved right!
Thu Jun 30 19:55:50 CEST 2022 | INFO | EnemyGreen moved right!
Thu Jun 30 19:55:50 CEST 2022 | INFO | EnemyGreen moved up!
Thu Jun 30 19:55:50 CEST 2022 | INFO | Character did not move right!
Thu Jun 30 19:55:50 CEST 2022 | INFO | EnemyGreen moved left!
Thu Jun 30 19:55:50 CEST 2022 | INFO | EnemyGreen moved up!
Thu Jun 30 19:55:51 CEST 2022 | INFO | Character did not move right!
Thu Jun 30 19:55:51 CEST 2022 | INFO | EnemyGreen moved right!
Thu Jun 30 19:55:51 CEST 2022 | INFO | EnemyGreen moved up!
Thu Jun 30 19:55:51 CEST 2022 | INFO | Character did not move right!
Thu Jun 30 19:55:51 CEST 2022 | INFO | EnemyGreen moved left!
Thu Jun 30 19:55:51 CEST 2022 | INFO | EnemyGreen moved up!
Thu Jun 30 19:55:52 CEST 2022 | INFO | Character moved left!
Thu Jun 30 19:55:52 CEST 2022 | INFO | EnemyGreen moved right!
Thu Jun 30 19:55:52 CEST 2022 | INFO | EnemyGreen moved down!
Thu Jun 30 19:55:53 CEST 2022 | INFO | Character moved up!
Thu Jun 30 19:55:53 CEST 2022 | INFO | EnemyGreen moved left!
Thu Jun 30 19:55:53 CEST 2022 | INFO | EnemyGreen moved up!
Thu Jun 30 19:57:54 CEST 2022 | INFO | Character moved right!
Thu Jun 30 19:57:54 CEST 2022 | INFO | EnemyGreen moved right!
Thu Jun 30 19:57:54 CEST 2022 | INFO | EnemyGreen moved up!
Thu Jun 30 19:57:55 CEST 2022 | INFO | Character moved right!
Thu Jun 30 19:57:55 CEST 2022 | INFO | EnemyGreen moved right!
Thu Jun 30 19:57:55 CEST 2022 | INFO | EnemyGreen moved up!
Thu Jun 30 19:57:56 CEST 2022 | INFO | Character moved right!
Thu Jun 30 19:57:56 CEST 2022 | INFO | EnemyGreen moved right!
Thu Jun 30 19:57:56 CEST 2022 | INFO | EnemyGreen moved up!
Thu Jun 30 19:57:57 CEST 2022 | INFO | Character moved right!
Thu Jun 30 19:57:57 CEST 2022 | INFO | EnemyGreen moved right!
Thu Jun 30 19:57:57 CEST 2022 | INFO | EnemyGreen moved up!
Thu Jun 30 19:57:57 CEST 2022 | INFO | Character moved right!
Thu Jun 30 19:57:57 CEST 2022 | INFO | EnemyGreen moved right!
Thu Jun 30 19:57:57 CEST 2022 | INFO | EnemyGreen moved up!
Thu Jun 30 19:57:58 CEST 2022 | INFO | Character moved right!
Thu Jun 30 19:57:58 CEST 2022 | INFO | EnemyGreen moved right!
Thu Jun 30 19:57:58 CEST 2022 | INFO | EnemyGreen moved up!
Thu Jun 30 19:57:59 CEST 2022 | INFO | Character moved right!
Thu Jun 30 19:57:59 CEST 2022 | INFO | EnemyGreen moved right!
Thu Jun 30 19:57:59 CEST 2022 | INFO | EnemyGreen moved up!
Thu Jun 30 19:57:59 CEST 2022 | INFO | Character moved right!
Thu Jun 30 19:57:59 CEST 2022 | INFO | EnemyGreen moved right!
Thu Jun 30 19:57:59 CEST 2022 | INFO | EnemyGreen moved up!
Thu Jun 30 19:58:00 CEST 2022 | INFO | Character moved right!
Thu Jun 30 19:58:00 CEST 2022 | INFO | EnemyGreen moved right!
Thu Jun 30 19:58:00 CEST 2022 | INFO | EnemyGreen moved up!
Thu Jun 30 19:58:00 CEST 2022 | INFO | Character did not move right!
Thu Jun 30 19:58:00 CEST 2022 | INFO | EnemyGreen moved right!
Thu Jun 30 19:58:00 CEST 2022 | INFO | EnemyGreen moved up!
Thu Jun 30 19:58:01 CEST 2022 | INFO | Character did not move right!
Thu Jun 30 19:58:01 CEST 2022 | INFO | EnemyGreen moved right!
Thu Jun 30 19:58:01 CEST 2022 | INFO | EnemyGreen moved up!
Thu Jun 30 19:58:02 CEST 2022 | INFO | Character did not move right!
Thu Jun 30 19:58:02 CEST 2022 | INFO | EnemyGreen moved right!
Thu Jun 30 19:58:02 CEST 2022 | INFO | EnemyGreen moved up!
Thu Jun 30 19:58:02 CEST 2022 | INFO | Character did not move right!
Thu Jun 30 19:58:02 CEST 2022 | INFO | EnemyGreen moved right!
Thu Jun 30 19:58:02 CEST 2022 | INFO | EnemyGreen did not move up!
Thu Jun 30 19:58:03 CEST 2022 | INFO | Character did not move right!
Thu Jun 30 19:58:03 CEST 2022 | INFO | EnemyGreen moved right!
Thu Jun 30 19:58:03 CEST 2022 | INFO | EnemyGreen did not move up!
Thu Jun 30 19:58:03 CEST 2022 | INFO | Character did not move right!
Thu Jun 30 19:58:03 CEST 2022 | INFO | EnemyGreen moved right!
Thu Jun 30 19:58:03 CEST 2022 | INFO | EnemyGreen did not move up!
Thu Jun 30 19:58:04 CEST 2022 | INFO | Character did not move right!
Thu Jun 30 19:58:04 CEST 2022 | INFO | EnemyGreen moved right!
Thu Jun 30 19:58:04 CEST 2022 | INFO | EnemyGreen did not move up!
Thu Jun 30 19:58:05 CEST 2022 | INFO | Character did not move right!
Thu Jun 30 19:58:05 CEST 2022 | INFO | EnemyGreen moved right!
Thu Jun 30 19:58:05 CEST 2022 | INFO | EnemyGreen did not move up!
Thu Jun 30 19:58:06 CEST 2022 | INFO | Character did not move right!
Thu Jun 30 19:58:06 CEST 2022 | INFO | EnemyGreen moved right!
Thu Jun 30 19:58:06 CEST 2022 | INFO | EnemyGreen did not move up!
Thu Jun 30 19:58:06 CEST 2022 | INFO | Character did not move right!
Thu Jun 30 19:58:06 CEST 2022 | INFO | EnemyGreen moved right!
Thu Jun 30 19:58:06 CEST 2022 | INFO | EnemyGreen did not move up!
Thu Jun 30 19:58:06 CEST 2022 | INFO | Character did not move right!
Thu Jun 30 19:58:06 CEST 2022 | INFO | EnemyGreen moved right!
Thu Jun 30 19:58:06 CEST 2022 | INFO | EnemyGreen did not move up!
Thu Jun 30 19:58:07 CEST 2022 | INFO | Character did not move right!
Thu Jun 30 19:58:07 CEST 2022 | INFO | EnemyGreen moved right!
Thu Jun 30 19:58:07 CEST 2022 | INFO | EnemyGreen did not move up!
Thu Jun 30 19:58:08 CEST 2022 | INFO | Character did not move right!
Thu Jun 30 19:58:08 CEST 2022 | INFO | EnemyGreen moved right!
Thu Jun 30 19:58:08 CEST 2022 | INFO | EnemyGreen moved up!
Thu Jun 30 19:58:08 CEST 2022 | INFO | Character did not move right!
Thu Jun 30 19:58:08 CEST 2022 | INFO | EnemyGreen moved right!
Thu Jun 30 19:58:08 CEST 2022 | INFO | EnemyGreen moved up!
Thu Jun 30 19:58:09 CEST 2022 | INFO | Character did not move right!
Thu Jun 30 19:58:09 CEST 2022 | INFO | EnemyGreen did not move right!
Thu Jun 30 19:58:09 CEST 2022 | INFO | EnemyGreen moved up!
Thu Jun 30 19:58:09 CEST 2022 | INFO | Character did not move right!
Thu Jun 30 19:58:09 CEST 2022 | INFO | EnemyGreen did not move right!
Thu Jun 30 19:58:09 CEST 2022 | INFO | EnemyGreen moved up!
Thu Jun 30 19:58:10 CEST 2022 | INFO | Character moved up!
Thu Jun 30 19:58:10 CEST 2022 | INFO | EnemyGreen did not move right!
Thu Jun 30 19:58:10 CEST 2022 | INFO | EnemyGreen moved up!
Thu Jun 30 19:58:11 CEST 2022 | INFO | Character moved left!
Thu Jun 30 19:58:11 CEST 2022 | INFO | EnemyGreen did not move right!
Thu Jun 30 19:58:11 CEST 2022 | INFO | EnemyGreen moved up!
Thu Jun 30 19:58:11 CEST 2022 | INFO | Character moved left!
Thu Jun 30 19:58:11 CEST 2022 | INFO | EnemyGreen did not move right!
Thu Jun 30 19:58:11 CEST 2022 | INFO | EnemyGreen moved up!
Thu Jun 30 19:58:12 CEST 2022 | INFO | Character moved left!
Thu Jun 30 19:58:12 CEST 2022 | INFO | EnemyGreen did not move right!
Thu Jun 30 19:58:12 CEST 2022 | INFO | EnemyGreen moved up!
Thu Jun 30 19:58:12 CEST 2022 | INFO | Character moved left!
Thu Jun 30 19:58:12 CEST 2022 | INFO | EnemyGreen did not move right!
Thu Jun 30 19:58:12 CEST 2022 | INFO | EnemyGreen moved up!
Thu Jun 30 19:58:13 CEST 2022 | INFO | Character moved left!
Thu Jun 30 19:58:13 CEST 2022 | INFO | EnemyGreen moved right!
Thu Jun 30 19:58:13 CEST 2022 | INFO | EnemyGreen moved up!
Thu Jun 30 19:58:13 CEST 2022 | INFO | Character moved left!
Thu Jun 30 19:58:13 CEST 2022 | INFO | EnemyGreen moved right!
Thu Jun 30 19:58:13 CEST 2022 | INFO | EnemyGreen moved up!
Thu Jun 30 19:58:13 CEST 2022 | INFO | Character did not move left!
Thu Jun 30 19:58:13 CEST 2022 | INFO | EnemyGreen moved right!
Thu Jun 30 19:58:13 CEST 2022 | INFO | EnemyGreen moved up!
Thu Jun 30 19:58:13 CEST 2022 | INFO | Character did not move left!
Thu Jun 30 19:58:13 CEST 2022 | INFO | EnemyGreen moved right!
Thu Jun 30 19:58:13 CEST 2022 | INFO | EnemyGreen moved up!
Thu Jun 30 19:58:14 CEST 2022 | INFO | Character moved left!
Thu Jun 30 19:58:14 CEST 2022 | INFO | EnemyGreen moved left!
Thu Jun 30 19:58:14 CEST 2022 | INFO | EnemyGreen moved up!
Thu Jun 30 19:58:14 CEST 2022 | INFO | Character moved left!
Thu Jun 30 19:58:14 CEST 2022 | INFO | EnemyGreen moved left!
Thu Jun 30 19:58:14 CEST 2022 | INFO | EnemyGreen moved down!
Thu Jun 30 19:58:14 CEST 2022 | INFO | Character did not move left!
Thu Jun 30 19:58:14 CEST 2022 | INFO | EnemyGreen moved right!
Thu Jun 30 19:58:14 CEST 2022 | INFO | EnemyGreen moved up!
Thu Jun 30 19:58:16 CEST 2022 | INFO | Character moved left!
Thu Jun 30 19:58:16 CEST 2022 | INFO | EnemyGreen moved left!
Thu Jun 30 19:58:16 CEST 2022 | INFO | EnemyGreen moved down!
Thu Jun 30 19:58:16 CEST 2022 | INFO | Character moved left!
Thu Jun 30 19:58:16 CEST 2022 | INFO | EnemyGreen moved left!
Thu Jun 30 19:58:16 CEST 2022 | INFO | EnemyGreen moved up!
Thu Jun 30 19:58:16 CEST 2022 | INFO | Character moved left!
Thu Jun 30 19:58:16 CEST 2022 | INFO | EnemyGreen moved left!
Thu Jun 30 19:58:16 CEST 2022 | INFO | EnemyGreen moved down!
Thu Jun 30 19:58:17 CEST 2022 | INFO | Character did not move left!
Thu Jun 30 19:58:17 CEST 2022 | INFO | EnemyGreen moved right!
Thu Jun 30 19:58:17 CEST 2022 | INFO | EnemyGreen moved up!
Thu Jun 30 19:58:17 CEST 2022 | INFO | Character moved left!
Thu Jun 30 19:58:17 CEST 2022 | INFO | EnemyGreen moved left!
Thu Jun 30 19:58:17 CEST 2022 | INFO | EnemyGreen moved down!
Thu Jun 30 19:58:17 CEST 2022 | INFO | Character moved left!
Thu Jun 30 19:58:17 CEST 2022 | INFO | EnemyGreen moved left!
Thu Jun 30 19:58:17 CEST 2022 | INFO | EnemyGreen moved up!
Thu Jun 30 19:58:17 CEST 2022 | INFO | Character moved down!
Thu Jun 30 19:58:17 CEST 2022 | INFO | EnemyGreen moved right!
Thu Jun 30 19:58:17 CEST 2022 | INFO | EnemyGreen moved down!
Thu Jun 30 19:58:17 CEST 2022 | INFO | Character moved down!
Thu Jun 30 19:58:17 CEST 2022 | INFO | EnemyGreen moved left!
Thu Jun 30 19:58:17 CEST 2022 | INFO | EnemyGreen moved down!
Thu Jun 30 19:58:18 CEST 2022 | INFO | Character moved down!
Thu Jun 30 19:58:18 CEST 2022 | INFO | EnemyGreen moved right!
Thu Jun 30 19:58:18 CEST 2022 | INFO | EnemyGreen moved down!
Thu Jun 30 19:58:18 CEST 2022 | INFO | Character moved down!
Thu Jun 30 19:58:18 CEST 2022 | INFO | EnemyGreen moved left!
Thu Jun 30 19:58:18 CEST 2022 | INFO | EnemyGreen moved down!
Thu Jun 30 19:58:18 CEST 2022 | INFO | Character did not move down!
Thu Jun 30 19:58:18 CEST 2022 | INFO | EnemyGreen moved right!
Thu Jun 30 19:58:18 CEST 2022 | INFO | EnemyGreen moved up!
Thu Jun 30 19:58:18 CEST 2022 | INFO | Character moved down!
Thu Jun 30 19:58:18 CEST 2022 | INFO | EnemyGreen moved left!
Thu Jun 30 19:58:18 CEST 2022 | INFO | EnemyGreen moved down!
Thu Jun 30 19:58:18 CEST 2022 | INFO | Character moved down!
Thu Jun 30 19:58:18 CEST 2022 | INFO | EnemyGreen moved right!
Thu Jun 30 19:58:18 CEST 2022 | INFO | EnemyGreen moved down!
Thu Jun 30 19:58:18 CEST 2022 | INFO | Character moved down!
Thu Jun 30 19:58:18 CEST 2022 | INFO | EnemyGreen moved left!
Thu Jun 30 19:58:18 CEST 2022 | INFO | EnemyGreen moved down!
Thu Jun 30 19:58:19 CEST 2022 | INFO | Character did not move down!
Thu Jun 30 19:58:19 CEST 2022 | INFO | EnemyGreen moved right!
Thu Jun 30 19:58:19 CEST 2022 | INFO | EnemyGreen moved up!
Thu Jun 30 19:58:19 CEST 2022 | INFO | Character moved down!
Thu Jun 30 19:58:19 CEST 2022 | INFO | EnemyGreen moved left!
Thu Jun 30 19:58:19 CEST 2022 | INFO | EnemyGreen moved down!
Thu Jun 30 19:58:19 CEST 2022 | INFO | Character moved down!
Thu Jun 30 19:58:19 CEST 2022 | INFO | EnemyGreen moved right!
Thu Jun 30 19:58:19 CEST 2022 | INFO | EnemyGreen moved down!
Thu Jun 30 19:58:19 CEST 2022 | INFO | Character moved down!
Thu Jun 30 19:58:19 CEST 2022 | INFO | EnemyGreen moved left!
Thu Jun 30 19:58:19 CEST 2022 | INFO | EnemyGreen moved down!
Thu Jun 30 19:58:19 CEST 2022 | INFO | Character did not move down!
Thu Jun 30 19:58:19 CEST 2022 | INFO | EnemyGreen moved right!
Thu Jun 30 19:58:19 CEST 2022 | INFO | EnemyGreen moved up!
Thu Jun 30 19:58:20 CEST 2022 | INFO | Character moved down!
Thu Jun 30 19:58:20 CEST 2022 | INFO | EnemyGreen moved left!
Thu Jun 30 19:58:20 CEST 2022 | INFO | EnemyGreen moved down!
Thu Jun 30 19:58:20 CEST 2022 | INFO | Character moved down!
Thu Jun 30 19:58:20 CEST 2022 | INFO | EnemyGreen moved right!
Thu Jun 30 19:58:20 CEST 2022 | INFO | EnemyGreen moved down!
Thu Jun 30 19:58:20 CEST 2022 | INFO | Character moved down!
Thu Jun 30 19:58:20 CEST 2022 | INFO | EnemyGreen moved left!
Thu Jun 30 19:58:20 CEST 2022 | INFO | EnemyGreen moved down!
Thu Jun 30 19:58:20 CEST 2022 | INFO | Character did not move down!
Thu Jun 30 19:58:20 CEST 2022 | INFO | EnemyGreen moved right!
Thu Jun 30 19:58:20 CEST 2022 | INFO | EnemyGreen moved up!
Thu Jun 30 19:58:20 CEST 2022 | INFO | Character moved down!
Thu Jun 30 19:58:20 CEST 2022 | INFO | EnemyGreen moved left!
Thu Jun 30 19:58:20 CEST 2022 | INFO | EnemyGreen moved down!
Thu Jun 30 19:58:21 CEST 2022 | INFO | Character moved down!
Thu Jun 30 19:58:21 CEST 2022 | INFO | EnemyGreen moved right!
Thu Jun 30 19:58:21 CEST 2022 | INFO | EnemyGreen moved down!
Thu Jun 30 19:58:21 CEST 2022 | INFO | Character moved down!
Thu Jun 30 19:58:21 CEST 2022 | INFO | EnemyGreen moved left!
Thu Jun 30 19:58:21 CEST 2022 | INFO | EnemyGreen moved down!
Thu Jun 30 19:58:21 CEST 2022 | INFO | Character did not move down!
Thu Jun 30 19:58:21 CEST 2022 | INFO | EnemyGreen moved right!
Thu Jun 30 19:58:21 CEST 2022 | INFO | EnemyGreen moved up!
Thu Jun 30 19:58:22 CEST 2022 | INFO | Character moved down!
Thu Jun 30 19:58:22 CEST 2022 | INFO | EnemyGreen moved left!
Thu Jun 30 19:58:22 CEST 2022 | INFO | EnemyGreen moved down!
Thu Jun 30 19:58:22 CEST 2022 | INFO | Character moved down!
Thu Jun 30 19:58:22 CEST 2022 | INFO | EnemyGreen moved right!
Thu Jun 30 19:58:22 CEST 2022 | INFO | EnemyGreen moved down!
Thu Jun 30 19:58:22 CEST 2022 | INFO | Character moved down!
Thu Jun 30 19:58:22 CEST 2022 | INFO | EnemyGreen moved left!
Thu Jun 30 19:58:22 CEST 2022 | INFO | EnemyGreen moved down!
Thu Jun 30 19:58:22 CEST 2022 | INFO | Character did not move down!
Thu Jun 30 19:58:22 CEST 2022 | INFO | EnemyGreen moved right!
Thu Jun 30 19:58:22 CEST 2022 | INFO | EnemyGreen moved up!
Thu Jun 30 19:58:22 CEST 2022 | INFO | Character moved down!
Thu Jun 30 19:58:22 CEST 2022 | INFO | EnemyGreen moved left!
Thu Jun 30 19:58:22 CEST 2022 | INFO | EnemyGreen moved down!
Thu Jun 30 19:58:23 CEST 2022 | INFO | Character moved down!
Thu Jun 30 19:58:23 CEST 2022 | INFO | EnemyGreen moved right!
Thu Jun 30 19:58:23 CEST 2022 | INFO | EnemyGreen moved down!
Thu Jun 30 19:58:23 CEST 2022 | INFO | Character moved down!
Thu Jun 30 19:58:23 CEST 2022 | INFO | EnemyGreen moved left!
Thu Jun 30 19:58:23 CEST 2022 | INFO | EnemyGreen moved down!
Thu Jun 30 19:58:23 CEST 2022 | INFO | Character did not move down!
Thu Jun 30 19:58:23 CEST 2022 | INFO | EnemyGreen moved right!
Thu Jun 30 19:58:23 CEST 2022 | INFO | EnemyGreen moved up!
Thu Jun 30 19:58:23 CEST 2022 | INFO | Character moved down!
Thu Jun 30 19:58:23 CEST 2022 | INFO | EnemyGreen moved left!
Thu Jun 30 19:58:23 CEST 2022 | INFO | EnemyGreen moved down!
Thu Jun 30 19:58:23 CEST 2022 | INFO | Character moved down!
Thu Jun 30 19:58:23 CEST 2022 | INFO | EnemyGreen moved right!
Thu Jun 30 19:58:23 CEST 2022 | INFO | EnemyGreen moved down!
Thu Jun 30 19:58:24 CEST 2022 | INFO | Character moved down!
Thu Jun 30 19:58:24 CEST 2022 | INFO | EnemyGreen moved left!
Thu Jun 30 19:58:24 CEST 2022 | INFO | EnemyGreen moved down!
Thu Jun 30 19:58:24 CEST 2022 | INFO | Character did not move down!
Thu Jun 30 19:58:24 CEST 2022 | INFO | EnemyGreen moved right!
Thu Jun 30 19:58:24 CEST 2022 | INFO | EnemyGreen moved up!
Thu Jun 30 19:58:24 CEST 2022 | INFO | Character moved down!
Thu Jun 30 19:58:24 CEST 2022 | INFO | EnemyGreen moved left!
Thu Jun 30 19:58:24 CEST 2022 | INFO | EnemyGreen moved down!
Thu Jun 30 19:58:24 CEST 2022 | INFO | Character moved down!
Thu Jun 30 19:58:24 CEST 2022 | INFO | EnemyGreen moved right!
Thu Jun 30 19:58:24 CEST 2022 | INFO | EnemyGreen moved down!
Thu Jun 30 19:58:25 CEST 2022 | INFO | Character moved down!
Thu Jun 30 19:58:25 CEST 2022 | INFO | EnemyGreen moved left!
Thu Jun 30 19:58:25 CEST 2022 | INFO | EnemyGreen moved down!
Thu Jun 30 19:58:25 CEST 2022 | INFO | Character did not move down!
Thu Jun 30 19:58:25 CEST 2022 | INFO | EnemyGreen moved right!
Thu Jun 30 19:58:25 CEST 2022 | INFO | EnemyGreen moved up!
Thu Jun 30 19:58:27 CEST 2022 | INFO | Character moved down!
Thu Jun 30 19:58:27 CEST 2022 | INFO | EnemyGreen moved left!
Thu Jun 30 19:58:27 CEST 2022 | INFO | EnemyGreen moved down!
Thu Jun 30 19:58:27 CEST 2022 | INFO | Character moved down!
Thu Jun 30 19:58:27 CEST 2022 | INFO | EnemyGreen moved right!
Thu Jun 30 19:58:27 CEST 2022 | INFO | EnemyGreen moved down!
Thu Jun 30 19:58:27 CEST 2022 | INFO | Character moved down!
Thu Jun 30 19:58:27 CEST 2022 | INFO | EnemyGreen moved left!
Thu Jun 30 19:58:27 CEST 2022 | INFO | EnemyGreen moved down!
Thu Jun 30 19:58:28 CEST 2022 | INFO | Character did not move down!
Thu Jun 30 19:58:28 CEST 2022 | INFO | EnemyGreen moved right!
Thu Jun 30 19:58:28 CEST 2022 | INFO | EnemyGreen moved up!
Thu Jun 30 19:58:28 CEST 2022 | INFO | Character moved down!
Thu Jun 30 19:58:28 CEST 2022 | INFO | EnemyGreen moved left!
Thu Jun 30 19:58:28 CEST 2022 | INFO | EnemyGreen moved down!
Thu Jun 30 19:58:28 CEST 2022 | INFO | Character moved down!
Thu Jun 30 19:58:28 CEST 2022 | INFO | EnemyGreen moved right!
Thu Jun 30 19:58:28 CEST 2022 | INFO | EnemyGreen moved down!
Thu Jun 30 19:58:35 CEST 2022 | INFO | Character moved up!
Thu Jun 30 19:58:35 CEST 2022 | INFO | EnemyGreen moved left!
Thu Jun 30 19:58:35 CEST 2022 | INFO | EnemyGreen moved up!
Thu Jun 30 19:58:35 CEST 2022 | INFO | Character did not move up!
Thu Jun 30 19:58:35 CEST 2022 | INFO | EnemyGreen moved right!
Thu Jun 30 19:58:35 CEST 2022 | INFO | EnemyGreen moved up!
Thu Jun 30 19:58:35 CEST 2022 | INFO | Character moved up!
Thu Jun 30 19:58:35 CEST 2022 | INFO | EnemyGreen moved left!
Thu Jun 30 19:58:35 CEST 2022 | INFO | EnemyGreen moved down!
Thu Jun 30 19:58:35 CEST 2022 | INFO | Character did not move up!
Thu Jun 30 19:58:35 CEST 2022 | INFO | EnemyGreen moved right!
Thu Jun 30 19:58:35 CEST 2022 | INFO | EnemyGreen moved up!
Thu Jun 30 19:58:36 CEST 2022 | INFO | Character moved up!
Thu Jun 30 19:58:36 CEST 2022 | INFO | EnemyGreen moved left!
Thu Jun 30 19:58:36 CEST 2022 | INFO | EnemyGreen moved up!
Thu Jun 30 19:58:36 CEST 2022 | INFO | Character did not move up!
Thu Jun 30 19:58:36 CEST 2022 | INFO | EnemyGreen moved right!
Thu Jun 30 19:58:36 CEST 2022 | INFO | EnemyGreen moved down!
Thu Jun 30 19:58:36 CEST 2022 | INFO | Character moved up!
Thu Jun 30 19:58:36 CEST 2022 | INFO | EnemyGreen moved left!
Thu Jun 30 19:58:36 CEST 2022 | INFO | EnemyGreen moved up!
Thu Jun 30 19:58:37 CEST 2022 | INFO | Character did not move up!
Thu Jun 30 19:58:37 CEST 2022 | INFO | EnemyGreen moved right!
Thu Jun 30 19:58:37 CEST 2022 | INFO | EnemyGreen moved up!
Thu Jun 30 19:58:39 CEST 2022 | INFO | Character moved down!
Thu Jun 30 19:58:39 CEST 2022 | INFO | EnemyGreen moved left!
Thu Jun 30 19:58:39 CEST 2022 | INFO | EnemyGreen moved down!
Thu Jun 30 19:58:39 CEST 2022 | INFO | Character moved down!
Thu Jun 30 19:58:39 CEST 2022 | INFO | EnemyGreen moved right!
Thu Jun 30 19:58:39 CEST 2022 | INFO | EnemyGreen moved down!
Thu Jun 30 19:58:40 CEST 2022 | INFO | Character moved left!
Thu Jun 30 19:58:40 CEST 2022 | INFO | EnemyGreen moved left!
Thu Jun 30 19:58:40 CEST 2022 | INFO | EnemyGreen moved down!
Thu Jun 30 19:58:41 CEST 2022 | INFO | Character did not move right!
Thu Jun 30 19:58:41 CEST 2022 | INFO | EnemyGreen moved left!
Thu Jun 30 19:58:41 CEST 2022 | INFO | EnemyGreen moved up!
Thu Jun 30 19:58:42 CEST 2022 | INFO | Character moved right!
Thu Jun 30 19:58:42 CEST 2022 | INFO | EnemyGreen moved right!
Thu Jun 30 19:58:42 CEST 2022 | INFO | EnemyGreen moved down!
Thu Jun 30 19:58:42 CEST 2022 | INFO | Character did not move right!
Thu Jun 30 19:58:42 CEST 2022 | INFO | EnemyGreen moved right!
Thu Jun 30 19:58:42 CEST 2022 | INFO | EnemyGreen moved up!
Thu Jun 30 19:58:43 CEST 2022 | INFO | Character moved right!
Thu Jun 30 19:58:43 CEST 2022 | INFO | EnemyGreen moved right!
Thu Jun 30 19:58:43 CEST 2022 | INFO | EnemyGreen moved down!
Thu Jun 30 19:58:43 CEST 2022 | INFO | Character moved right!
Thu Jun 30 19:58:43 CEST 2022 | INFO | EnemyGreen moved left!
Thu Jun 30 19:58:43 CEST 2022 | INFO | EnemyGreen moved up!
Thu Jun 30 19:58:44 CEST 2022 | INFO | Character moved right!
Thu Jun 30 19:58:44 CEST 2022 | INFO | EnemyGreen moved right!
Thu Jun 30 19:58:44 CEST 2022 | INFO | EnemyGreen moved down!
Thu Jun 30 19:58:44 CEST 2022 | INFO | Character did not move up!
Thu Jun 30 19:58:44 CEST 2022 | INFO | EnemyGreen moved right!
Thu Jun 30 19:58:44 CEST 2022 | INFO | EnemyGreen moved up!
Thu Jun 30 19:58:45 CEST 2022 | INFO | Character moved left!
Thu Jun 30 19:58:45 CEST 2022 | INFO | EnemyGreen moved left!
Thu Jun 30 19:58:45 CEST 2022 | INFO | EnemyGreen moved down!
Thu Jun 30 19:58:45 CEST 2022 | INFO | Character moved left!
Thu Jun 30 19:58:45 CEST 2022 | INFO | EnemyGreen moved left!
Thu Jun 30 19:58:45 CEST 2022 | INFO | EnemyGreen moved up!
Thu Jun 30 19:58:46 CEST 2022 | INFO | Character moved left!
Thu Jun 30 19:58:46 CEST 2022 | INFO | EnemyGreen moved left!
Thu Jun 30 19:58:46 CEST 2022 | INFO | EnemyGreen moved down!
Thu Jun 30 19:58:46 CEST 2022 | INFO | Character moved left!
Thu Jun 30 19:58:46 CEST 2022 | INFO | EnemyGreen moved left!
Thu Jun 30 19:58:46 CEST 2022 | INFO | EnemyGreen moved up!
Thu Jun 30 19:58:46 CEST 2022 | INFO | Character moved down!
Thu Jun 30 19:58:46 CEST 2022 | INFO | EnemyGreen moved right!
Thu Jun 30 19:58:46 CEST 2022 | INFO | EnemyGreen moved down!
Thu Jun 30 19:58:47 CEST 2022 | INFO | Character moved down!
Thu Jun 30 19:58:47 CEST 2022 | INFO | EnemyGreen moved left!
Thu Jun 30 19:58:47 CEST 2022 | INFO | EnemyGreen moved down!
Thu Jun 30 19:58:47 CEST 2022 | INFO | Character moved down!
Thu Jun 30 19:58:47 CEST 2022 | INFO | EnemyGreen moved right!
Thu Jun 30 19:58:47 CEST 2022 | INFO | EnemyGreen moved down!
Thu Jun 30 19:58:47 CEST 2022 | INFO | Character moved down!
Thu Jun 30 19:58:47 CEST 2022 | INFO | EnemyGreen moved left!
Thu Jun 30 19:58:47 CEST 2022 | INFO | EnemyGreen moved up!
Thu Jun 30 19:58:47 CEST 2022 | INFO | Character moved down!
Thu Jun 30 19:58:47 CEST 2022 | INFO | EnemyGreen moved right!
Thu Jun 30 19:58:47 CEST 2022 | INFO | EnemyGreen moved down!
Thu Jun 30 19:58:47 CEST 2022 | INFO | Character moved right!
Thu Jun 30 19:58:47 CEST 2022 | INFO | EnemyGreen moved right!
Thu Jun 30 19:58:47 CEST 2022 | INFO | EnemyGreen moved down!
Thu Jun 30 19:58:48 CEST 2022 | INFO | Character did not move right!
Thu Jun 30 19:58:48 CEST 2022 | INFO | EnemyGreen moved left!
Thu Jun 30 19:58:48 CEST 2022 | INFO | EnemyGreen moved up!
Thu Jun 30 19:58:48 CEST 2022 | INFO | Character moved right!
Thu Jun 30 19:58:48 CEST 2022 | INFO | EnemyGreen moved right!
Thu Jun 30 19:58:48 CEST 2022 | INFO | EnemyGreen moved down!
Thu Jun 30 19:58:48 CEST 2022 | INFO | Character did not move right!
Thu Jun 30 19:58:48 CEST 2022 | INFO | EnemyGreen moved right!
Thu Jun 30 19:58:48 CEST 2022 | INFO | EnemyGreen moved up!
Thu Jun 30 19:58:48 CEST 2022 | INFO | Character moved right!
Thu Jun 30 19:58:48 CEST 2022 | INFO | EnemyGreen moved left!
Thu Jun 30 19:58:48 CEST 2022 | INFO | EnemyGreen moved down!
Thu Jun 30 19:58:48 CEST 2022 | INFO | Character did not move right!
Thu Jun 30 19:58:48 CEST 2022 | INFO | EnemyGreen moved right!
Thu Jun 30 19:58:48 CEST 2022 | INFO | EnemyGreen moved up!
Thu Jun 30 20:30:38 CEST 2022 | INFO | Character moved left!
Thu Jun 30 20:30:38 CEST 2022 | INFO | EnemyGreen moved right!
Thu Jun 30 20:30:38 CEST 2022 | INFO | EnemyGreen moved up!
Thu Jun 30 20:30:40 CEST 2022 | INFO | Character moved down!
Thu Jun 30 20:30:40 CEST 2022 | INFO | EnemyGreen moved right!
Thu Jun 30 20:30:40 CEST 2022 | INFO | EnemyGreen moved up!
Thu Jun 30 20:30:42 CEST 2022 | INFO | Character moved down!
Thu Jun 30 20:30:42 CEST 2022 | INFO | EnemyGreen moved right!
Thu Jun 30 20:30:42 CEST 2022 | INFO | EnemyGreen moved up!
Thu Jun 30 20:30:43 CEST 2022 | INFO | Character moved down!
Thu Jun 30 20:30:43 CEST 2022 | INFO | EnemyGreen moved right!
Thu Jun 30 20:30:43 CEST 2022 | INFO | EnemyGreen moved up!
Fri Jul 08 15:11:59 CEST 2022 | INFO | Character moved left!
Fri Jul 08 15:11:59 CEST 2022 | INFO | EnemyGreen moved right!
Fri Jul 08 15:11:59 CEST 2022 | INFO | EnemyGreen moved up!
Fri Jul 08 15:12:00 CEST 2022 | INFO | Character moved left!
Fri Jul 08 15:12:00 CEST 2022 | INFO | EnemyGreen moved right!
Fri Jul 08 15:12:00 CEST 2022 | INFO | EnemyGreen moved up!
Fri Jul 08 15:12:02 CEST 2022 | INFO | Character moved down!
Fri Jul 08 15:12:02 CEST 2022 | INFO | EnemyGreen moved right!
Fri Jul 08 15:12:02 CEST 2022 | INFO | EnemyGreen moved up!
Fri Jul 08 15:12:02 CEST 2022 | INFO | Character moved down!
Fri Jul 08 15:12:02 CEST 2022 | INFO | EnemyGreen moved right!
Fri Jul 08 15:12:02 CEST 2022 | INFO | EnemyGreen moved up!
Fri Jul 08 15:12:03 CEST 2022 | INFO | Character moved down!
Fri Jul 08 15:12:03 CEST 2022 | INFO | EnemyGreen moved right!
Fri Jul 08 15:12:03 CEST 2022 | INFO | EnemyGreen moved up!
Fri Jul 08 15:12:03 CEST 2022 | INFO | Character moved down!
Fri Jul 08 15:12:03 CEST 2022 | INFO | EnemyGreen moved right!
Fri Jul 08 15:12:03 CEST 2022 | INFO | EnemyGreen moved up!
Fri Jul 08 15:12:03 CEST 2022 | INFO | Character moved down!
Fri Jul 08 15:12:03 CEST 2022 | INFO | EnemyGreen moved right!
Fri Jul 08 15:12:03 CEST 2022 | INFO | EnemyGreen moved up!
Fri Jul 08 15:12:03 CEST 2022 | INFO | Character moved down!
Fri Jul 08 15:12:03 CEST 2022 | INFO | EnemyGreen moved right!
Fri Jul 08 15:12:03 CEST 2022 | INFO | EnemyGreen moved up!
Fri Jul 08 15:12:04 CEST 2022 | INFO | Character moved down!
Fri Jul 08 15:12:04 CEST 2022 | INFO | EnemyGreen moved right!
Fri Jul 08 15:12:04 CEST 2022 | INFO | EnemyGreen moved up!
Fri Jul 08 15:12:04 CEST 2022 | INFO | Character moved down!
Fri Jul 08 15:12:04 CEST 2022 | INFO | EnemyGreen moved right!
Fri Jul 08 15:12:04 CEST 2022 | INFO | EnemyGreen moved up!
Fri Jul 08 15:12:04 CEST 2022 | INFO | Character moved down!
Fri Jul 08 15:12:04 CEST 2022 | INFO | EnemyGreen moved right!
Fri Jul 08 15:12:04 CEST 2022 | INFO | EnemyGreen moved up!
Fri Jul 08 15:12:04 CEST 2022 | INFO | Character moved down!
Fri Jul 08 15:12:04 CEST 2022 | INFO | EnemyGreen moved right!
Fri Jul 08 15:12:04 CEST 2022 | INFO | EnemyGreen moved up!
Fri Jul 08 15:12:04 CEST 2022 | INFO | Character moved down!
Fri Jul 08 15:12:04 CEST 2022 | INFO | EnemyGreen moved right!
Fri Jul 08 15:12:04 CEST 2022 | INFO | EnemyGreen did not move up!
Fri Jul 08 15:12:05 CEST 2022 | INFO | Character moved down!
Fri Jul 08 15:12:05 CEST 2022 | INFO | EnemyGreen moved right!
Fri Jul 08 15:12:05 CEST 2022 | INFO | EnemyGreen did not move up!
Fri Jul 08 15:12:05 CEST 2022 | INFO | Character moved down!
Fri Jul 08 15:12:05 CEST 2022 | INFO | EnemyGreen moved right!
Fri Jul 08 15:12:05 CEST 2022 | INFO | EnemyGreen did not move up!
Fri Jul 08 15:12:06 CEST 2022 | INFO | Character moved up!
Fri Jul 08 15:12:06 CEST 2022 | INFO | EnemyGreen moved right!
Fri Jul 08 15:12:06 CEST 2022 | INFO | EnemyGreen did not move up!
Fri Jul 08 15:12:06 CEST 2022 | INFO | Character moved up!
Fri Jul 08 15:12:06 CEST 2022 | INFO | EnemyGreen moved right!
Fri Jul 08 15:12:06 CEST 2022 | INFO | EnemyGreen did not move up!
Fri Jul 08 15:12:06 CEST 2022 | INFO | Character moved up!
Fri Jul 08 15:12:06 CEST 2022 | INFO | EnemyGreen moved right!
Fri Jul 08 15:12:06 CEST 2022 | INFO | EnemyGreen did not move up!
Fri Jul 08 15:12:06 CEST 2022 | INFO | Character moved up!
Fri Jul 08 15:12:06 CEST 2022 | INFO | EnemyGreen moved right!
Fri Jul 08 15:12:06 CEST 2022 | INFO | EnemyGreen did not move up!
Fri Jul 08 15:12:07 CEST 2022 | INFO | Character moved up!
Fri Jul 08 15:12:07 CEST 2022 | INFO | EnemyGreen moved right!
Fri Jul 08 15:12:07 CEST 2022 | INFO | EnemyGreen did not move up!
Fri Jul 08 15:12:07 CEST 2022 | INFO | Character moved up!
Fri Jul 08 15:12:07 CEST 2022 | INFO | EnemyGreen moved right!
Fri Jul 08 15:12:07 CEST 2022 | INFO | EnemyGreen did not move up!
Fri Jul 08 15:12:07 CEST 2022 | INFO | Character moved up!
Fri Jul 08 15:12:07 CEST 2022 | INFO | EnemyGreen moved right!
Fri Jul 08 15:12:07 CEST 2022 | INFO | EnemyGreen moved up!
Fri Jul 08 15:12:07 CEST 2022 | INFO | Character moved down!
Fri Jul 08 15:12:07 CEST 2022 | INFO | EnemyGreen moved right!
Fri Jul 08 15:12:07 CEST 2022 | INFO | EnemyGreen moved up!
Fri Jul 08 15:12:07 CEST 2022 | INFO | Character moved down!
Fri Jul 08 15:12:07 CEST 2022 | INFO | EnemyGreen did not move right!
Fri Jul 08 15:12:07 CEST 2022 | INFO | EnemyGreen moved up!
Fri Jul 08 15:12:08 CEST 2022 | INFO | Character moved down!
Fri Jul 08 15:12:08 CEST 2022 | INFO | EnemyGreen did not move right!
Fri Jul 08 15:12:08 CEST 2022 | INFO | EnemyGreen moved up!
Fri Jul 08 15:12:08 CEST 2022 | INFO | Character did not move down!
Fri Jul 08 15:12:08 CEST 2022 | INFO | EnemyGreen did not move right!
Fri Jul 08 15:12:08 CEST 2022 | INFO | EnemyGreen moved up!
Fri Jul 08 15:12:08 CEST 2022 | INFO | Character did not move down!
Fri Jul 08 15:12:08 CEST 2022 | INFO | EnemyGreen did not move right!
Fri Jul 08 15:12:08 CEST 2022 | INFO | EnemyGreen moved up!
Fri Jul 08 15:12:08 CEST 2022 | INFO | Character did not move down!
Fri Jul 08 15:12:08 CEST 2022 | INFO | EnemyGreen did not move right!
Fri Jul 08 15:12:08 CEST 2022 | INFO | EnemyGreen moved up!
Fri Jul 08 15:12:08 CEST 2022 | INFO | Character moved down!
Fri Jul 08 15:12:08 CEST 2022 | INFO | EnemyGreen moved right!
Fri Jul 08 15:12:08 CEST 2022 | INFO | EnemyGreen did not move down!
Fri Jul 08 15:12:08 CEST 2022 | INFO | Character moved down!
Fri Jul 08 15:12:08 CEST 2022 | INFO | EnemyGreen moved left!
Fri Jul 08 15:12:08 CEST 2022 | INFO | EnemyGreen moved down!
Fri Jul 08 15:12:09 CEST 2022 | INFO | Character moved down!
Fri Jul 08 15:12:09 CEST 2022 | INFO | EnemyGreen moved right!
Fri Jul 08 15:12:09 CEST 2022 | INFO | EnemyGreen moved down!
Fri Jul 08 15:12:09 CEST 2022 | INFO | Character moved down!
Fri Jul 08 15:12:09 CEST 2022 | INFO | EnemyGreen moved left!
Fri Jul 08 15:12:09 CEST 2022 | INFO | EnemyGreen moved down!
Fri Jul 08 15:12:11 CEST 2022 | INFO | Character moved down!
Fri Jul 08 15:12:11 CEST 2022 | INFO | EnemyGreen moved right!
Fri Jul 08 15:12:11 CEST 2022 | INFO | EnemyGreen did not move down!
Fri Jul 08 15:12:12 CEST 2022 | INFO | Character moved down!
Fri Jul 08 15:12:12 CEST 2022 | INFO | EnemyGreen moved left!
Fri Jul 08 15:12:12 CEST 2022 | INFO | EnemyGreen moved down!
Fri Jul 08 15:12:12 CEST 2022 | INFO | Character moved down!
Fri Jul 08 15:12:12 CEST 2022 | INFO | EnemyGreen moved right!
Fri Jul 08 15:12:12 CEST 2022 | INFO | EnemyGreen did not move down!
Fri Jul 08 15:12:13 CEST 2022 | INFO | Character moved down!
Fri Jul 08 15:12:13 CEST 2022 | INFO | EnemyGreen moved left!
Fri Jul 08 15:12:13 CEST 2022 | INFO | EnemyGreen moved down!
Fri Jul 08 15:12:13 CEST 2022 | INFO | Character moved down!
Fri Jul 08 15:12:13 CEST 2022 | INFO | EnemyGreen moved right!
Fri Jul 08 15:12:13 CEST 2022 | INFO | EnemyGreen moved down!
Fri Jul 08 15:20:09 CEST 2022 | INFO | Character moved left!
Fri Jul 08 15:20:10 CEST 2022 | INFO | Character moved left!
Fri Jul 08 15:20:10 CEST 2022 | INFO | Character moved down!
Fri Jul 08 15:20:11 CEST 2022 | INFO | Character moved down!
Fri Jul 08 15:20:11 CEST 2022 | INFO | Character moved down!
Fri Jul 08 15:20:11 CEST 2022 | INFO | Character moved down!
Fri Jul 08 15:20:11 CEST 2022 | INFO | Character moved down!
Fri Jul 08 15:20:12 CEST 2022 | INFO | Character moved down!
Fri Jul 08 15:20:12 CEST 2022 | INFO | Character moved right!
Fri Jul 08 15:20:12 CEST 2022 | INFO | Character moved right!
Fri Jul 08 15:20:13 CEST 2022 | INFO | Character moved right!
Fri Jul 08 15:20:13 CEST 2022 | INFO | Character moved right!
Fri Jul 08 15:20:13 CEST 2022 | INFO | Character moved left!
Fri Jul 08 15:20:14 CEST 2022 | INFO | Character moved left!
Fri Jul 08 15:20:14 CEST 2022 | INFO | Character moved left!
Fri Jul 08 15:20:15 CEST 2022 | INFO | Character moved left!
Fri Jul 08 15:20:15 CEST 2022 | INFO | Character moved left!
Fri Jul 08 15:20:15 CEST 2022 | INFO | Character moved down!
Fri Jul 08 15:20:15 CEST 2022 | INFO | Character moved down!
Fri Jul 08 15:20:15 CEST 2022 | INFO | Character moved down!
Fri Jul 08 15:20:15 CEST 2022 | INFO | Character moved down!
Fri Jul 08 15:20:17 CEST 2022 | INFO | Character moved down!
Fri Jul 08 15:20:17 CEST 2022 | INFO | Character moved down!
Fri Jul 08 15:20:17 CEST 2022 | INFO | Character moved down!
Fri Jul 08 15:20:17 CEST 2022 | INFO | Character moved down!
Fri Jul 08 15:20:17 CEST 2022 | INFO | Character moved down!
Fri Jul 08 15:20:18 CEST 2022 | INFO | Character moved down!
Fri Jul 08 15:20:18 CEST 2022 | INFO | Character moved down!
Fri Jul 08 15:20:19 CEST 2022 | INFO | Character moved down!
Fri Jul 08 15:20:19 CEST 2022 | INFO | Character moved right!
Fri Jul 08 15:20:20 CEST 2022 | INFO | Character moved right!
Fri Jul 08 15:20:20 CEST 2022 | INFO | Character moved left!
Fri Jul 08 15:20:21 CEST 2022 | INFO | Character moved up!
Fri Jul 08 15:20:22 CEST 2022 | INFO | Character moved up!
Fri Jul 08 15:20:22 CEST 2022 | INFO | Character moved left!
Fri Jul 08 15:20:22 CEST 2022 | INFO | Character moved left!
Fri Jul 08 15:20:23 CEST 2022 | INFO | Character moved up!
Fri Jul 08 15:21:00 CEST 2022 | INFO | Character moved down!
Fri Jul 08 15:21:00 CEST 2022 | INFO | Character moved down!
Fri Jul 08 15:21:00 CEST 2022 | INFO | Character moved down!
Fri Jul 08 15:21:00 CEST 2022 | INFO | Character moved down!
Fri Jul 08 15:21:01 CEST 2022 | INFO | Character moved down!
Fri Jul 08 15:21:01 CEST 2022 | INFO | Character moved down!
Fri Jul 08 15:21:01 CEST 2022 | INFO | Character moved left!
Fri Jul 08 15:21:01 CEST 2022 | INFO | Character moved left!
Fri Jul 08 15:21:02 CEST 2022 | INFO | Character moved down!
Fri Jul 08 15:21:02 CEST 2022 | INFO | Character moved down!
Fri Jul 08 15:21:02 CEST 2022 | INFO | Character moved down!
Fri Jul 08 15:21:02 CEST 2022 | INFO | Character moved down!
Fri Jul 08 15:21:02 CEST 2022 | INFO | Character moved right!
Fri Jul 08 15:21:02 CEST 2022 | INFO | Character moved right!
Fri Jul 08 15:21:03 CEST 2022 | INFO | Character moved right!
Fri Jul 08 15:21:03 CEST 2022 | INFO | Character moved right!
Fri Jul 08 15:21:03 CEST 2022 | INFO | Character moved up!
Fri Jul 08 15:21:03 CEST 2022 | INFO | Character moved up!
Fri Jul 08 15:21:03 CEST 2022 | INFO | Character moved up!
Fri Jul 08 15:21:04 CEST 2022 | INFO | Character moved left!
Fri Jul 08 15:21:04 CEST 2022 | INFO | Character moved left!
Fri Jul 08 15:21:04 CEST 2022 | INFO | Character moved up!
Fri Jul 08 15:21:04 CEST 2022 | INFO | Character moved up!
Fri Jul 08 15:21:04 CEST 2022 | INFO | Character moved left!
Fri Jul 08 15:21:05 CEST 2022 | INFO | Character moved left!
Fri Jul 08 15:21:05 CEST 2022 | INFO | Character moved left!
Fri Jul 08 15:21:05 CEST 2022 | INFO | Character moved left!
Fri Jul 08 15:21:05 CEST 2022 | INFO | Character moved left!
Fri Jul 08 15:21:05 CEST 2022 | INFO | Character moved left!
Fri Jul 08 15:21:05 CEST 2022 | INFO | Character moved down!
Fri Jul 08 15:21:06 CEST 2022 | INFO | Character moved down!
Fri Jul 08 15:21:06 CEST 2022 | INFO | Character moved down!
Fri Jul 08 15:21:06 CEST 2022 | INFO | Character moved right!
Fri Jul 08 15:21:06 CEST 2022 | INFO | Character moved right!
Fri Jul 08 15:21:06 CEST 2022 | INFO | Character moved right!
Fri Jul 08 15:21:06 CEST 2022 | INFO | Character moved right!
Fri Jul 08 15:21:07 CEST 2022 | INFO | Character moved up!
Fri Jul 08 15:21:07 CEST 2022 | INFO | Character moved up!
Fri Jul 08 15:21:07 CEST 2022 | INFO | Character moved right!
Fri Jul 08 15:21:07 CEST 2022 | INFO | Character moved up!
Fri Jul 08 15:21:07 CEST 2022 | INFO | Character moved right!
Fri Jul 08 15:21:07 CEST 2022 | INFO | Character moved up!
Fri Jul 08 15:21:08 CEST 2022 | INFO | Character moved up!
Fri Jul 08 15:21:08 CEST 2022 | INFO | Character moved up!
Fri Jul 08 15:21:08 CEST 2022 | INFO | Character moved up!
Fri Jul 08 15:21:08 CEST 2022 | INFO | Character moved up!
Fri Jul 08 15:21:08 CEST 2022 | INFO | Character moved up!
Fri Jul 08 15:21:08 CEST 2022 | INFO | Character moved up!
Fri Jul 08 15:21:09 CEST 2022 | INFO | Character moved up!
Fri Jul 08 15:21:09 CEST 2022 | INFO | Character moved up!
Fri Jul 08 15:21:09 CEST 2022 | INFO | Character moved up!
Fri Jul 08 15:21:09 CEST 2022 | INFO | Character moved up!
Fri Jul 08 15:21:09 CEST 2022 | INFO | Character moved up!
Fri Jul 08 15:21:09 CEST 2022 | INFO | Character moved up!
Fri Jul 08 15:21:09 CEST 2022 | INFO | Character moved up!
Fri Jul 08 15:25:44 CEST 2022 | INFO | Character moved down!
Fri Jul 08 15:25:44 CEST 2022 | INFO | Character moved down!
Fri Jul 08 15:25:44 CEST 2022 | INFO | Character moved down!
Fri Jul 08 15:25:45 CEST 2022 | INFO | Character moved down!
Fri Jul 08 15:25:45 CEST 2022 | INFO | Character moved down!
Fri Jul 08 15:25:45 CEST 2022 | INFO | Character moved down!
Fri Jul 08 15:25:45 CEST 2022 | INFO | Character did not move down!
Fri Jul 08 15:25:45 CEST 2022 | INFO | Character did not move down!
Fri Jul 08 15:25:46 CEST 2022 | INFO | Character did not move down!
Fri Jul 08 15:25:47 CEST 2022 | INFO | Character did not move down!
Fri Jul 08 15:25:47 CEST 2022 | INFO | Character did not move down!
Fri Jul 08 15:25:47 CEST 2022 | INFO | Character did not move down!
Fri Jul 08 15:25:47 CEST 2022 | INFO | Character did not move down!
Fri Jul 08 15:25:48 CEST 2022 | INFO | Character moved right!
Fri Jul 08 15:25:48 CEST 2022 | INFO | Character moved up!
Fri Jul 08 15:25:48 CEST 2022 | INFO | Character moved up!
Fri Jul 08 15:25:48 CEST 2022 | INFO | Character moved up!
Fri Jul 08 15:25:49 CEST 2022 | INFO | Character moved up!
Fri Jul 08 15:25:49 CEST 2022 | INFO | Character moved right!
Fri Jul 08 15:25:49 CEST 2022 | INFO | Character moved right!
Fri Jul 08 15:25:49 CEST 2022 | INFO | Character moved right!
